03:35:29.132 karate.env system property was:  
03:35:35.274 request:
1 > GET http://localhost:9222/json
1 > Accept-Encoding: gzip,deflate
1 > Connection: Keep-Alive
1 > Host: localhost:9222
1 > User-Agent: Apache-HttpClient/4.5.12 (Java/1.8.0_172)

03:35:35.277 response time in milliseconds: 1.62
1 < 200
1 < Content-Length: 2182
1 < Content-Type: application/json; charset=UTF-8
[ {
   "description": "",
   "devtoolsFrontendUrl": "/devtools/inspector.html?ws=localhost:9222/devtools/page/6C441C7436D27CBF67B0255680F757D7",
   "id": "6C441C7436D27CBF67B0255680F757D7",
   "title": "CryptoTokenExtension",
   "type": "background_page",
   "url": "chrome-extension://kmendfapggjehodndflmmgagdbamhnfd/_generated_background_page.html",
   "webSocketDebuggerUrl": "ws://localhost:9222/devtools/page/6C441C7436D27CBF67B0255680F757D7"
}, {
   "description": "",
   "devtoolsFrontendUrl": "/devtools/inspector.html?ws=localhost:9222/devtools/page/3527222AAA9A356EDDF302A88E2C6C2F",
   "id": "3527222AAA9A356EDDF302A88E2C6C2F",
   "title": "Google Network Speech",
   "type": "background_page",
   "url": "chrome-extension://neajdppkdcdipfabeoofebfddakdcjhd/_generated_background_page.html",
   "webSocketDebuggerUrl": "ws://localhost:9222/devtools/page/3527222AAA9A356EDDF302A88E2C6C2F"
}, {
   "description": "",
   "devtoolsFrontendUrl": "/devtools/inspector.html?ws=localhost:9222/devtools/page/3CF6CC9C03A479E0752A1C6B6B81FDD0",
   "id": "3CF6CC9C03A479E0752A1C6B6B81FDD0",
   "title": "Feedback",
   "type": "background_page",
   "url": "chrome-extension://gfdkimpbcpahaombhbimeihdjnejgicl/_generated_background_page.html",
   "webSocketDebuggerUrl": "ws://localhost:9222/devtools/page/3CF6CC9C03A479E0752A1C6B6B81FDD0"
}, {
   "description": "",
   "devtoolsFrontendUrl": "/devtools/inspector.html?ws=localhost:9222/devtools/page/359C564B565F05B082AE7F097E7D8D8B",
   "id": "359C564B565F05B082AE7F097E7D8D8B",
   "title": "Google Hangouts",
   "type": "background_page",
   "url": "chrome-extension://nkeimhogjdpnpccoofpliimaahmaaome/background.html",
   "webSocketDebuggerUrl": "ws://localhost:9222/devtools/page/359C564B565F05B082AE7F097E7D8D8B"
}, {
   "description": "",
   "devtoolsFrontendUrl": "/devtools/inspector.html?ws=localhost:9222/devtools/page/41F999F98BD87E5EF5633BA7893C07EF",
   "id": "41F999F98BD87E5EF5633BA7893C07EF",
   "title": "Welcome to Chrome",
   "type": "page",
   "url": "chrome://welcome/",
   "webSocketDebuggerUrl": "ws://localhost:9222/devtools/page/41F999F98BD87E5EF5633BA7893C07EF"
} ]


03:35:35.295 root frame id: 41F999F98BD87E5EF5633BA7893C07EF
03:35:39.225 >> {"method":"Target.activateTarget","params":{"targetId":"41F999F98BD87E5EF5633BA7893C07EF"},"id":1}
03:35:39.298 << {"id":1,"result":{}}
03:35:39.303 >> {"method":"Page.enable","id":2}
03:35:39.344 << {"id":2,"result":{}}
03:35:39.345 >> {"method":"Runtime.enable","id":3}
03:35:39.353 << {"method":"Runtime.executionContextCreated","params":{"context":{"id":1,"origin":"chrome://welcome","name":"","auxData":{"isDefault":true,"type":"default","frameId":"41F999F98BD87E5EF5633BA7893C07EF"}}}}
03:35:39.354 << {"id":3,"result":{}}
03:35:39.355 >> {"method":"Target.setAutoAttach","params":{"autoAttach":true,"waitForDebuggerOnStart":false,"flatten":true},"id":4}
03:35:39.358 << {"id":4,"result":{}}
03:35:39.359 >> {"method":"Browser.getWindowForTarget","params":{"targetId":"41F999F98BD87E5EF5633BA7893C07EF"},"id":5}
03:35:39.361 << {"id":5,"result":{"windowId":1,"bounds":{"left":9,"top":9,"width":1051,"height":806,"windowState":"normal"}}}
03:35:39.866 >> {"method":"Page.navigate","params":{"url":"https:\/\/www.greatcall.com\/"},"id":6}
03:35:40.608 << {"id":6,"result":{"frameId":"41F999F98BD87E5EF5633BA7893C07EF","loaderId":"1AC271FE6187560644071758018260F7"}}
03:35:40.610 << {"method":"Runtime.executionContextsCleared","params":{}}
03:35:40.621 << {"method":"Page.frameStartedLoading","params":{"frameId":"41F999F98BD87E5EF5633BA7893C07EF"}}
03:35:40.653 << {"method":"Runtime.executionContextsCleared","params":{}}
03:35:40.654 << {"method":"Page.frameNavigated","params":{"frame":{"id":"41F999F98BD87E5EF5633BA7893C07EF","loaderId":"1AC271FE6187560644071758018260F7","url":"https://www.greatcall.com/","domainAndRegistry":"greatcall.com","securityOrigin":"https://www.greatcall.com","mimeType":"text/html","adFrameType":"none","secureContextType":"Secure","crossOriginIsolatedContextType":"NotIsolated"}}}
03:35:40.656 << {"method":"Runtime.executionContextCreated","params":{"context":{"id":1,"origin":"https://www.greatcall.com","name":"","auxData":{"isDefault":true,"type":"default","frameId":"41F999F98BD87E5EF5633BA7893C07EF"}}}}
03:35:41.614 << {"method":"Page.domContentEventFired","params":{"timestamp":58615.683831}}
03:35:41.749 >> {"method":"Runtime.evaluate","params":{"expression":"(document.evaluate(\"\/\/*[contains(normalize-space(text()),'The all-new flip phone')]\", document, null, 9, null).singleNodeValue != null)","returnByValue":true},"id":7}
03:35:42.013 << {"id":7,"result":{"result":{"type":"boolean","value":true}}}
03:35:42.098 >> {"method":"Runtime.evaluate","params":{"expression":"document.querySelector(\"#Contentplaceholder1_C191_Col01 > div > div > a.btn.btn-primary.product-spotlight-btn.hidden-xxs.hidden-xs.hidden-md.hidden-lg.hidden-sticky\").click()","returnByValue":true},"id":8}
03:35:42.180 << {"method":"Page.frameScheduledNavigation","params":{"frameId":"41F999F98BD87E5EF5633BA7893C07EF","delay":0,"reason":"anchorClick","url":"https://www.greatcall.com/phones/lively-flip-cell-phone-for-seniors"}}
03:35:42.181 << {"method":"Page.frameRequestedNavigation","params":{"frameId":"41F999F98BD87E5EF5633BA7893C07EF","reason":"anchorClick","url":"https://www.greatcall.com/phones/lively-flip-cell-phone-for-seniors","disposition":"currentTab"}}
03:35:42.340 << {"method":"Page.frameClearedScheduledNavigation","params":{"frameId":"41F999F98BD87E5EF5633BA7893C07EF"}}
03:35:42.341 << {"id":8,"result":{"result":{"type":"undefined"}}}
03:35:42.646 << {"method":"Page.frameAttached","params":{"frameId":"E0326353A24D4F61505E1D770887AB34","parentFrameId":"41F999F98BD87E5EF5633BA7893C07EF","stack":{"callFrames":[{"functionName":"ld","scriptId":"84","url":"https://www.googletagmanager.com/gtm.js?id=GTM-N2TD2G&l=_siteDataLayer","lineNumber":1751,"columnNumber":232},{"functionName":"Xj","scriptId":"84","url":"https://www.googletagmanager.com/gtm.js?id=GTM-N2TD2G&l=_siteDataLayer","lineNumber":1839,"columnNumber":38},{"functionName":"Yj","scriptId":"84","url":"https://www.googletagmanager.com/gtm.js?id=GTM-N2TD2G&l=_siteDataLayer","lineNumber":1839,"columnNumber":189},{"functionName":"a","scriptId":"84","url":"https://www.googletagmanager.com/gtm.js?id=GTM-N2TD2G&l=_siteDataLayer","lineNumber":1875,"columnNumber":63},{"functionName":"","scriptId":"84","url":"https://www.googletagmanager.com/gtm.js?id=GTM-N2TD2G&l=_siteDataLayer","lineNumber":1876,"columnNumber":470},{"functionName":"Ub","scriptId":"84","url":"https://www.googletagmanager.com/gtm.js?id=GTM-N2TD2G&l ...
03:35:42.648 << {"method":"Page.frameStartedLoading","params":{"frameId":"E0326353A24D4F61505E1D770887AB34"}}
03:35:42.662 << {"method":"Page.frameNavigated","params":{"frame":{"id":"E0326353A24D4F61505E1D770887AB34","parentId":"41F999F98BD87E5EF5633BA7893C07EF","loaderId":"42E59EFE74E16B8205FB138F0CB7D3DC","name":"","url":"about:blank","domainAndRegistry":"","securityOrigin":"://","mimeType":"text/html","adFrameType":"none","secureContextType":"Secure","crossOriginIsolatedContextType":"NotIsolated"}}}
03:35:42.665 << {"method":"Runtime.executionContextCreated","params":{"context":{"id":2,"origin":"https://www.greatcall.com","name":"","auxData":{"isDefault":true,"type":"default","frameId":"E0326353A24D4F61505E1D770887AB34"}}}}
03:35:42.667 << {"method":"Page.frameStoppedLoading","params":{"frameId":"E0326353A24D4F61505E1D770887AB34"}}
03:35:42.686 waitForUrl - retry #1
03:35:42.688 << {"method":"Page.frameScheduledNavigation","params":{"frameId":"E0326353A24D4F61505E1D770887AB34","delay":0,"reason":"scriptInitiated","url":"https://4782500.fls.doubleclick.net/activityi;src=4782500;type=count0;cat=great0;ord=5933125515792;gtm=2wgbu0;auiddc=1916789604.1610271343;~oref=https%3A%2F%2Fwww.greatcall.com%2F?"}}
03:35:42.695 << {"method":"Page.frameRequestedNavigation","params":{"frameId":"E0326353A24D4F61505E1D770887AB34","reason":"scriptInitiated","url":"https://4782500.fls.doubleclick.net/activityi;src=4782500;type=count0;cat=great0;ord=5933125515792;gtm=2wgbu0;auiddc=1916789604.1610271343;~oref=https%3A%2F%2Fwww.greatcall.com%2F?","disposition":"currentTab"}}
03:35:42.697 << {"method":"Page.frameStartedLoading","params":{"frameId":"E0326353A24D4F61505E1D770887AB34"}}
03:35:42.705 << {"method":"Page.frameClearedScheduledNavigation","params":{"frameId":"E0326353A24D4F61505E1D770887AB34"}}
03:35:42.730 << {"method":"Page.frameAttached","params":{"frameId":"B9064E4782F1597E865D7C8BA0E967EC","parentFrameId":"41F999F98BD87E5EF5633BA7893C07EF","stack":{"callFrames":[{"functionName":"ld","scriptId":"84","url":"https://www.googletagmanager.com/gtm.js?id=GTM-N2TD2G&l=_siteDataLayer","lineNumber":1751,"columnNumber":232},{"functionName":"Xj","scriptId":"84","url":"https://www.googletagmanager.com/gtm.js?id=GTM-N2TD2G&l=_siteDataLayer","lineNumber":1839,"columnNumber":38},{"functionName":"Yj","scriptId":"84","url":"https://www.googletagmanager.com/gtm.js?id=GTM-N2TD2G&l=_siteDataLayer","lineNumber":1839,"columnNumber":189},{"functionName":"a","scriptId":"84","url":"https://www.googletagmanager.com/gtm.js?id=GTM-N2TD2G&l=_siteDataLayer","lineNumber":1875,"columnNumber":63},{"functionName":"","scriptId":"84","url":"https://www.googletagmanager.com/gtm.js?id=GTM-N2TD2G&l=_siteDataLayer","lineNumber":1876,"columnNumber":470},{"functionName":"Ub","scriptId":"84","url":"https://www.googletagmanager.com/gtm.js?id=GTM-N2TD2G&l ...
03:35:42.738 << {"method":"Page.frameStartedLoading","params":{"frameId":"B9064E4782F1597E865D7C8BA0E967EC"}}
03:35:42.762 << {"method":"Page.frameNavigated","params":{"frame":{"id":"B9064E4782F1597E865D7C8BA0E967EC","parentId":"41F999F98BD87E5EF5633BA7893C07EF","loaderId":"6D4FF27D45988CE24753D4F3220C4318","name":"","url":"about:blank","domainAndRegistry":"","securityOrigin":"://","mimeType":"text/html","adFrameType":"none","secureContextType":"Secure","crossOriginIsolatedContextType":"NotIsolated"}}}
03:35:42.764 << {"method":"Runtime.executionContextCreated","params":{"context":{"id":3,"origin":"https://www.greatcall.com","name":"","auxData":{"isDefault":true,"type":"default","frameId":"B9064E4782F1597E865D7C8BA0E967EC"}}}}
03:35:42.765 << {"method":"Page.frameStoppedLoading","params":{"frameId":"B9064E4782F1597E865D7C8BA0E967EC"}}
03:35:42.769 << {"method":"Page.frameScheduledNavigation","params":{"frameId":"B9064E4782F1597E865D7C8BA0E967EC","delay":0,"reason":"scriptInitiated","url":"https://4782500.fls.doubleclick.net/activityi;src=4782500;type=count0;cat=gc_pa0;ord=3462228475560;gtm=2wgbu0;auiddc=1916789604.1610271343;~oref=https%3A%2F%2Fwww.greatcall.com%2F?"}}
03:35:42.772 << {"method":"Page.frameRequestedNavigation","params":{"frameId":"B9064E4782F1597E865D7C8BA0E967EC","reason":"scriptInitiated","url":"https://4782500.fls.doubleclick.net/activityi;src=4782500;type=count0;cat=gc_pa0;ord=3462228475560;gtm=2wgbu0;auiddc=1916789604.1610271343;~oref=https%3A%2F%2Fwww.greatcall.com%2F?","disposition":"currentTab"}}
03:35:42.773 << {"method":"Page.frameStartedLoading","params":{"frameId":"B9064E4782F1597E865D7C8BA0E967EC"}}
03:35:42.779 << {"method":"Page.frameClearedScheduledNavigation","params":{"frameId":"B9064E4782F1597E865D7C8BA0E967EC"}}
03:35:42.788 << {"method":"Page.frameAttached","params":{"frameId":"A1F2F22066157830C712C1ED762B4AEF","parentFrameId":"41F999F98BD87E5EF5633BA7893C07EF","stack":{"callFrames":[{"functionName":"ld","scriptId":"84","url":"https://www.googletagmanager.com/gtm.js?id=GTM-N2TD2G&l=_siteDataLayer","lineNumber":1751,"columnNumber":232},{"functionName":"Xj","scriptId":"84","url":"https://www.googletagmanager.com/gtm.js?id=GTM-N2TD2G&l=_siteDataLayer","lineNumber":1839,"columnNumber":38},{"functionName":"Yj","scriptId":"84","url":"https://www.googletagmanager.com/gtm.js?id=GTM-N2TD2G&l=_siteDataLayer","lineNumber":1839,"columnNumber":189},{"functionName":"a","scriptId":"84","url":"https://www.googletagmanager.com/gtm.js?id=GTM-N2TD2G&l=_siteDataLayer","lineNumber":1875,"columnNumber":63},{"functionName":"","scriptId":"84","url":"https://www.googletagmanager.com/gtm.js?id=GTM-N2TD2G&l=_siteDataLayer","lineNumber":1876,"columnNumber":470},{"functionName":"Ub","scriptId":"84","url":"https://www.googletagmanager.com/gtm.js?id=GTM-N2TD2G&l ...
03:35:42.790 << {"method":"Page.frameStartedLoading","params":{"frameId":"A1F2F22066157830C712C1ED762B4AEF"}}
03:35:42.810 << {"method":"Page.frameNavigated","params":{"frame":{"id":"A1F2F22066157830C712C1ED762B4AEF","parentId":"41F999F98BD87E5EF5633BA7893C07EF","loaderId":"99338B757D5141767533F0B34973B0ED","name":"","url":"about:blank","domainAndRegistry":"","securityOrigin":"://","mimeType":"text/html","adFrameType":"none","secureContextType":"Secure","crossOriginIsolatedContextType":"NotIsolated"}}}
03:35:42.817 << {"method":"Runtime.executionContextCreated","params":{"context":{"id":4,"origin":"https://www.greatcall.com","name":"","auxData":{"isDefault":true,"type":"default","frameId":"A1F2F22066157830C712C1ED762B4AEF"}}}}
03:35:42.819 << {"method":"Page.frameStoppedLoading","params":{"frameId":"A1F2F22066157830C712C1ED762B4AEF"}}
03:35:42.822 << {"method":"Page.frameScheduledNavigation","params":{"frameId":"A1F2F22066157830C712C1ED762B4AEF","delay":0,"reason":"scriptInitiated","url":"https://9257501.fls.doubleclick.net/activityi;src=9257501;type=gcmai0;cat=great00d;ord=3336913206981;gtm=2wgbu0;auiddc=1916789604.1610271343;~oref=https%3A%2F%2Fwww.greatcall.com%2F?"}}
03:35:42.824 << {"method":"Page.frameRequestedNavigation","params":{"frameId":"A1F2F22066157830C712C1ED762B4AEF","reason":"scriptInitiated","url":"https://9257501.fls.doubleclick.net/activityi;src=9257501;type=gcmai0;cat=great00d;ord=3336913206981;gtm=2wgbu0;auiddc=1916789604.1610271343;~oref=https%3A%2F%2Fwww.greatcall.com%2F?","disposition":"currentTab"}}
03:35:42.825 << {"method":"Page.frameStartedLoading","params":{"frameId":"A1F2F22066157830C712C1ED762B4AEF"}}
03:35:42.832 << {"method":"Page.frameClearedScheduledNavigation","params":{"frameId":"A1F2F22066157830C712C1ED762B4AEF"}}
03:35:42.843 << {"method":"Page.frameAttached","params":{"frameId":"AA39212A00CCC2B034CDE53137D3F6E0","parentFrameId":"41F999F98BD87E5EF5633BA7893C07EF","stack":{"callFrames":[{"functionName":"ld","scriptId":"84","url":"https://www.googletagmanager.com/gtm.js?id=GTM-N2TD2G&l=_siteDataLayer","lineNumber":1751,"columnNumber":232},{"functionName":"Xj","scriptId":"84","url":"https://www.googletagmanager.com/gtm.js?id=GTM-N2TD2G&l=_siteDataLayer","lineNumber":1839,"columnNumber":38},{"functionName":"Yj","scriptId":"84","url":"https://www.googletagmanager.com/gtm.js?id=GTM-N2TD2G&l=_siteDataLayer","lineNumber":1839,"columnNumber":189},{"functionName":"a","scriptId":"84","url":"https://www.googletagmanager.com/gtm.js?id=GTM-N2TD2G&l=_siteDataLayer","lineNumber":1875,"columnNumber":63},{"functionName":"","scriptId":"84","url":"https://www.googletagmanager.com/gtm.js?id=GTM-N2TD2G&l=_siteDataLayer","lineNumber":1876,"columnNumber":470},{"functionName":"Ub","scriptId":"84","url":"https://www.googletagmanager.com/gtm.js?id=GTM-N2TD2G&l ...
03:35:42.847 << {"method":"Page.frameStartedLoading","params":{"frameId":"AA39212A00CCC2B034CDE53137D3F6E0"}}
03:35:42.858 << {"method":"Page.frameNavigated","params":{"frame":{"id":"AA39212A00CCC2B034CDE53137D3F6E0","parentId":"41F999F98BD87E5EF5633BA7893C07EF","loaderId":"9FE1054F4D3067B64EAB7FCC804723A3","name":"","url":"about:blank","domainAndRegistry":"","securityOrigin":"://","mimeType":"text/html","adFrameType":"none","secureContextType":"Secure","crossOriginIsolatedContextType":"NotIsolated"}}}
03:35:42.865 << {"method":"Runtime.executionContextCreated","params":{"context":{"id":5,"origin":"https://www.greatcall.com","name":"","auxData":{"isDefault":true,"type":"default","frameId":"AA39212A00CCC2B034CDE53137D3F6E0"}}}}
03:35:42.867 << {"method":"Page.frameStoppedLoading","params":{"frameId":"AA39212A00CCC2B034CDE53137D3F6E0"}}
03:35:42.869 << {"method":"Page.frameScheduledNavigation","params":{"frameId":"AA39212A00CCC2B034CDE53137D3F6E0","delay":0,"reason":"scriptInitiated","url":"https://9257501.fls.doubleclick.net/activityi;src=9257501;type=gcmai0;cat=great0;ord=5782455956173;gtm=2wgbu0;auiddc=1916789604.1610271343;~oref=https%3A%2F%2Fwww.greatcall.com%2F?"}}
03:35:42.870 << {"method":"Page.frameRequestedNavigation","params":{"frameId":"AA39212A00CCC2B034CDE53137D3F6E0","reason":"scriptInitiated","url":"https://9257501.fls.doubleclick.net/activityi;src=9257501;type=gcmai0;cat=great0;ord=5782455956173;gtm=2wgbu0;auiddc=1916789604.1610271343;~oref=https%3A%2F%2Fwww.greatcall.com%2F?","disposition":"currentTab"}}
03:35:42.875 << {"method":"Page.frameStartedLoading","params":{"frameId":"AA39212A00CCC2B034CDE53137D3F6E0"}}
03:35:42.877 << {"method":"Page.frameClearedScheduledNavigation","params":{"frameId":"AA39212A00CCC2B034CDE53137D3F6E0"}}
03:35:42.897 << {"method":"Page.frameAttached","params":{"frameId":"818E087D204DB1FBF1C89C857C71F796","parentFrameId":"41F999F98BD87E5EF5633BA7893C07EF","stack":{"callFrames":[{"functionName":"ld","scriptId":"84","url":"https://www.googletagmanager.com/gtm.js?id=GTM-N2TD2G&l=_siteDataLayer","lineNumber":1751,"columnNumber":232},{"functionName":"Xj","scriptId":"84","url":"https://www.googletagmanager.com/gtm.js?id=GTM-N2TD2G&l=_siteDataLayer","lineNumber":1839,"columnNumber":38},{"functionName":"Yj","scriptId":"84","url":"https://www.googletagmanager.com/gtm.js?id=GTM-N2TD2G&l=_siteDataLayer","lineNumber":1839,"columnNumber":189},{"functionName":"a","scriptId":"84","url":"https://www.googletagmanager.com/gtm.js?id=GTM-N2TD2G&l=_siteDataLayer","lineNumber":1875,"columnNumber":63},{"functionName":"","scriptId":"84","url":"https://www.googletagmanager.com/gtm.js?id=GTM-N2TD2G&l=_siteDataLayer","lineNumber":1876,"columnNumber":470},{"functionName":"Ub","scriptId":"84","url":"https://www.googletagmanager.com/gtm.js?id=GTM-N2TD2G&l ...
03:35:42.900 << {"method":"Page.frameStartedLoading","params":{"frameId":"818E087D204DB1FBF1C89C857C71F796"}}
03:35:42.914 << {"method":"Page.frameNavigated","params":{"frame":{"id":"818E087D204DB1FBF1C89C857C71F796","parentId":"41F999F98BD87E5EF5633BA7893C07EF","loaderId":"C210F3F81310D8586009EAFDB539939D","name":"","url":"about:blank","domainAndRegistry":"","securityOrigin":"://","mimeType":"text/html","adFrameType":"none","secureContextType":"Secure","crossOriginIsolatedContextType":"NotIsolated"}}}
03:35:42.916 << {"method":"Runtime.executionContextCreated","params":{"context":{"id":6,"origin":"https://www.greatcall.com","name":"","auxData":{"isDefault":true,"type":"default","frameId":"818E087D204DB1FBF1C89C857C71F796"}}}}
03:35:42.917 << {"method":"Page.frameStoppedLoading","params":{"frameId":"818E087D204DB1FBF1C89C857C71F796"}}
03:35:42.937 << {"method":"Page.frameScheduledNavigation","params":{"frameId":"818E087D204DB1FBF1C89C857C71F796","delay":0,"reason":"scriptInitiated","url":"https://9257501.fls.doubleclick.net/activityi;src=9257501;type=gcmai0;cat=great00f;ord=1;num=9496766690041;gtm=2wgbu0;auiddc=1916789604.1610271343;~oref=https%3A%2F%2Fwww.greatcall.com%2F?"}}
03:35:42.938 << {"method":"Page.frameRequestedNavigation","params":{"frameId":"818E087D204DB1FBF1C89C857C71F796","reason":"scriptInitiated","url":"https://9257501.fls.doubleclick.net/activityi;src=9257501;type=gcmai0;cat=great00f;ord=1;num=9496766690041;gtm=2wgbu0;auiddc=1916789604.1610271343;~oref=https%3A%2F%2Fwww.greatcall.com%2F?","disposition":"currentTab"}}
03:35:42.942 << {"method":"Page.frameStartedLoading","params":{"frameId":"818E087D204DB1FBF1C89C857C71F796"}}
03:35:42.949 << {"method":"Page.frameClearedScheduledNavigation","params":{"frameId":"818E087D204DB1FBF1C89C857C71F796"}}
03:35:42.995 << {"method":"Target.attachedToTarget","params":{"sessionId":"487458E19A41C689ABDA354EDE822C24","targetInfo":{"targetId":"B9064E4782F1597E865D7C8BA0E967EC","type":"iframe","title":"","url":"","attached":true,"canAccessOpener":false,"browserContextId":"02D04A5DF458AB189A573DA2E721FBE3"},"waitingForDebugger":false}}
03:35:43.000 << {"method":"Target.attachedToTarget","params":{"sessionId":"B93A52797881B2E2D1A9BB0A722B7BB1","targetInfo":{"targetId":"E0326353A24D4F61505E1D770887AB34","type":"iframe","title":"","url":"","attached":true,"canAccessOpener":false,"browserContextId":"02D04A5DF458AB189A573DA2E721FBE3"},"waitingForDebugger":false}}
03:35:43.177 << {"method":"Target.attachedToTarget","params":{"sessionId":"A2F434114F71A5F6C732E2E3418E437F","targetInfo":{"targetId":"818E087D204DB1FBF1C89C857C71F796","type":"iframe","title":"","url":"","attached":true,"canAccessOpener":false,"browserContextId":"02D04A5DF458AB189A573DA2E721FBE3"},"waitingForDebugger":false}}
03:35:43.250 << {"method":"Target.attachedToTarget","params":{"sessionId":"BE1AA5A4CD272EB0CFAAD3A09931D5A4","targetInfo":{"targetId":"AA39212A00CCC2B034CDE53137D3F6E0","type":"iframe","title":"","url":"","attached":true,"canAccessOpener":false,"browserContextId":"02D04A5DF458AB189A573DA2E721FBE3"},"waitingForDebugger":false}}
03:35:43.253 << {"method":"Target.attachedToTarget","params":{"sessionId":"7229713EC8DD9CCE5E35B45B643F7A50","targetInfo":{"targetId":"A1F2F22066157830C712C1ED762B4AEF","type":"iframe","title":"","url":"","attached":true,"canAccessOpener":false,"browserContextId":"02D04A5DF458AB189A573DA2E721FBE3"},"waitingForDebugger":false}}
03:35:43.449 << {"method":"Page.frameStoppedLoading","params":{"frameId":"E0326353A24D4F61505E1D770887AB34"}}
03:35:43.452 << {"method":"Target.detachedFromTarget","params":{"sessionId":"B93A52797881B2E2D1A9BB0A722B7BB1","targetId":"E0326353A24D4F61505E1D770887AB34"}}
03:35:43.456 << {"method":"Runtime.executionContextDestroyed","params":{"executionContextId":2}}
03:35:43.457 << {"method":"Page.frameDetached","params":{"frameId":"E0326353A24D4F61505E1D770887AB34"}}
03:35:43.458 << {"method":"Page.frameStoppedLoading","params":{"frameId":"B9064E4782F1597E865D7C8BA0E967EC"}}
03:35:43.460 << {"method":"Target.detachedFromTarget","params":{"sessionId":"487458E19A41C689ABDA354EDE822C24","targetId":"B9064E4782F1597E865D7C8BA0E967EC"}}
03:35:43.464 << {"method":"Runtime.executionContextDestroyed","params":{"executionContextId":3}}
03:35:43.467 << {"method":"Page.frameDetached","params":{"frameId":"B9064E4782F1597E865D7C8BA0E967EC"}}
03:35:43.468 << {"method":"Page.frameStoppedLoading","params":{"frameId":"A1F2F22066157830C712C1ED762B4AEF"}}
03:35:43.477 << {"method":"Target.detachedFromTarget","params":{"sessionId":"7229713EC8DD9CCE5E35B45B643F7A50","targetId":"A1F2F22066157830C712C1ED762B4AEF"}}
03:35:43.484 << {"method":"Runtime.executionContextDestroyed","params":{"executionContextId":4}}
03:35:43.485 << {"method":"Page.frameDetached","params":{"frameId":"A1F2F22066157830C712C1ED762B4AEF"}}
03:35:43.486 << {"method":"Page.frameStoppedLoading","params":{"frameId":"AA39212A00CCC2B034CDE53137D3F6E0"}}
03:35:43.488 << {"method":"Target.detachedFromTarget","params":{"sessionId":"BE1AA5A4CD272EB0CFAAD3A09931D5A4","targetId":"AA39212A00CCC2B034CDE53137D3F6E0"}}
03:35:43.489 << {"method":"Runtime.executionContextDestroyed","params":{"executionContextId":5}}
03:35:43.490 << {"method":"Page.frameDetached","params":{"frameId":"AA39212A00CCC2B034CDE53137D3F6E0"}}
03:35:43.491 << {"method":"Page.frameStoppedLoading","params":{"frameId":"818E087D204DB1FBF1C89C857C71F796"}}
03:35:43.497 << {"method":"Target.detachedFromTarget","params":{"sessionId":"A2F434114F71A5F6C732E2E3418E437F","targetId":"818E087D204DB1FBF1C89C857C71F796"}}
03:35:43.533 << {"method":"Runtime.executionContextDestroyed","params":{"executionContextId":6}}
03:35:43.534 << {"method":"Page.frameDetached","params":{"frameId":"818E087D204DB1FBF1C89C857C71F796"}}
03:35:43.535 << {"method":"Runtime.executionContextsCleared","params":{}}
03:35:43.536 << {"method":"Page.frameNavigated","params":{"frame":{"id":"41F999F98BD87E5EF5633BA7893C07EF","loaderId":"C9484FD4BFC83F521F4F100B1AE6B24F","url":"https://www.greatcall.com/phones/lively-flip-cell-phone-for-seniors","domainAndRegistry":"greatcall.com","securityOrigin":"https://www.greatcall.com","mimeType":"text/html","adFrameType":"none","secureContextType":"Secure","crossOriginIsolatedContextType":"NotIsolated"}}}
03:35:43.538 << {"method":"Runtime.executionContextCreated","params":{"context":{"id":7,"origin":"https://www.greatcall.com","name":"","auxData":{"isDefault":true,"type":"default","frameId":"41F999F98BD87E5EF5633BA7893C07EF"}}}}
03:35:44.118 << {"method":"Page.frameAttached","params":{"frameId":"91AD197D1AD100ABEC80CCA702B79931","parentFrameId":"41F999F98BD87E5EF5633BA7893C07EF"}}
03:35:44.128 << {"method":"Page.frameStartedLoading","params":{"frameId":"91AD197D1AD100ABEC80CCA702B79931"}}
03:35:44.189 << {"method":"Page.frameNavigated","params":{"frame":{"id":"91AD197D1AD100ABEC80CCA702B79931","parentId":"41F999F98BD87E5EF5633BA7893C07EF","loaderId":"DA0B8608118626A6CC17C44A2744C414","name":"","url":"about:blank","domainAndRegistry":"","securityOrigin":"://","mimeType":"text/html","adFrameType":"none","secureContextType":"Secure","crossOriginIsolatedContextType":"NotIsolated"}}}
03:35:44.191 << {"method":"Runtime.executionContextCreated","params":{"context":{"id":8,"origin":"https://www.greatcall.com","name":"","auxData":{"isDefault":true,"type":"default","frameId":"91AD197D1AD100ABEC80CCA702B79931"}}}}
03:35:44.192 << {"method":"Page.frameStoppedLoading","params":{"frameId":"91AD197D1AD100ABEC80CCA702B79931"}}
03:35:44.637 << {"method":"Page.domContentEventFired","params":{"timestamp":58618.70786}}
03:35:45.183 << {"method":"Page.loadEventFired","params":{"timestamp":58619.250451}}
03:35:45.184 << {"method":"Page.frameStoppedLoading","params":{"frameId":"41F999F98BD87E5EF5633BA7893C07EF"}}
03:35:45.240 << {"method":"Page.frameAttached","params":{"frameId":"AC6D1F2B396516CCB5E5F4DDDB810FA4","parentFrameId":"41F999F98BD87E5EF5633BA7893C07EF","stack":{"callFrames":[{"functionName":"ld","scriptId":"84","url":"https://www.googletagmanager.com/gtm.js?id=GTM-N2TD2G&l=_siteDataLayer","lineNumber":1751,"columnNumber":232},{"functionName":"Xj","scriptId":"84","url":"https://www.googletagmanager.com/gtm.js?id=GTM-N2TD2G&l=_siteDataLayer","lineNumber":1839,"columnNumber":38},{"functionName":"Yj","scriptId":"84","url":"https://www.googletagmanager.com/gtm.js?id=GTM-N2TD2G&l=_siteDataLayer","lineNumber":1839,"columnNumber":189},{"functionName":"a","scriptId":"84","url":"https://www.googletagmanager.com/gtm.js?id=GTM-N2TD2G&l=_siteDataLayer","lineNumber":1875,"columnNumber":63},{"functionName":"","scriptId":"84","url":"https://www.googletagmanager.com/gtm.js?id=GTM-N2TD2G&l=_siteDataLayer","lineNumber":1876,"columnNumber":470},{"functionName":"Ub","scriptId":"84","url":"https://www.googletagmanager.com/gtm.js?id=GTM-N2TD2G&l ...
03:35:45.262 << {"method":"Page.frameStartedLoading","params":{"frameId":"AC6D1F2B396516CCB5E5F4DDDB810FA4"}}
03:35:45.330 << {"method":"Page.frameNavigated","params":{"frame":{"id":"AC6D1F2B396516CCB5E5F4DDDB810FA4","parentId":"41F999F98BD87E5EF5633BA7893C07EF","loaderId":"6947D2C3106E73B5BA2DC338ADA2E403","name":"","url":"about:blank","domainAndRegistry":"","securityOrigin":"://","mimeType":"text/html","adFrameType":"none","secureContextType":"Secure","crossOriginIsolatedContextType":"NotIsolated"}}}
03:35:45.331 << {"method":"Runtime.executionContextCreated","params":{"context":{"id":9,"origin":"https://www.greatcall.com","name":"","auxData":{"isDefault":true,"type":"default","frameId":"AC6D1F2B396516CCB5E5F4DDDB810FA4"}}}}
03:35:45.332 << {"method":"Page.frameStoppedLoading","params":{"frameId":"AC6D1F2B396516CCB5E5F4DDDB810FA4"}}
03:35:45.333 << {"method":"Page.frameScheduledNavigation","params":{"frameId":"AC6D1F2B396516CCB5E5F4DDDB810FA4","delay":0,"reason":"scriptInitiated","url":"https://4782500.fls.doubleclick.net/activityi;src=4782500;type=count0;cat=great0;ord=7740525918150;gtm=2wgbu0;auiddc=1916789604.1610271343;~oref=https%3A%2F%2Fwww.greatcall.com%2Fphones%2Flively-flip-cell-phone-for-seniors?"}}
03:35:45.334 << {"method":"Page.frameRequestedNavigation","params":{"frameId":"AC6D1F2B396516CCB5E5F4DDDB810FA4","reason":"scriptInitiated","url":"https://4782500.fls.doubleclick.net/activityi;src=4782500;type=count0;cat=great0;ord=7740525918150;gtm=2wgbu0;auiddc=1916789604.1610271343;~oref=https%3A%2F%2Fwww.greatcall.com%2Fphones%2Flively-flip-cell-phone-for-seniors?","disposition":"currentTab"}}
03:35:45.336 << {"method":"Page.frameStartedLoading","params":{"frameId":"AC6D1F2B396516CCB5E5F4DDDB810FA4"}}
03:35:45.342 << {"method":"Page.frameClearedScheduledNavigation","params":{"frameId":"AC6D1F2B396516CCB5E5F4DDDB810FA4"}}
03:35:45.353 << {"method":"Page.frameAttached","params":{"frameId":"C9FF6D7996B1EA99EFA86D3396918BB8","parentFrameId":"41F999F98BD87E5EF5633BA7893C07EF","stack":{"callFrames":[{"functionName":"ld","scriptId":"84","url":"https://www.googletagmanager.com/gtm.js?id=GTM-N2TD2G&l=_siteDataLayer","lineNumber":1751,"columnNumber":232},{"functionName":"Xj","scriptId":"84","url":"https://www.googletagmanager.com/gtm.js?id=GTM-N2TD2G&l=_siteDataLayer","lineNumber":1839,"columnNumber":38},{"functionName":"Yj","scriptId":"84","url":"https://www.googletagmanager.com/gtm.js?id=GTM-N2TD2G&l=_siteDataLayer","lineNumber":1839,"columnNumber":189},{"functionName":"a","scriptId":"84","url":"https://www.googletagmanager.com/gtm.js?id=GTM-N2TD2G&l=_siteDataLayer","lineNumber":1875,"columnNumber":63},{"functionName":"","scriptId":"84","url":"https://www.googletagmanager.com/gtm.js?id=GTM-N2TD2G&l=_siteDataLayer","lineNumber":1876,"columnNumber":470},{"functionName":"Ub","scriptId":"84","url":"https://www.googletagmanager.com/gtm.js?id=GTM-N2TD2G&l ...
03:35:45.356 << {"method":"Page.frameStartedLoading","params":{"frameId":"C9FF6D7996B1EA99EFA86D3396918BB8"}}
03:35:45.403 << {"method":"Page.frameNavigated","params":{"frame":{"id":"C9FF6D7996B1EA99EFA86D3396918BB8","parentId":"41F999F98BD87E5EF5633BA7893C07EF","loaderId":"5AB04B316C3B543F0B7B41A5CC036377","name":"","url":"about:blank","domainAndRegistry":"","securityOrigin":"://","mimeType":"text/html","adFrameType":"none","secureContextType":"Secure","crossOriginIsolatedContextType":"NotIsolated"}}}
03:35:45.405 << {"method":"Runtime.executionContextCreated","params":{"context":{"id":10,"origin":"https://www.greatcall.com","name":"","auxData":{"isDefault":true,"type":"default","frameId":"C9FF6D7996B1EA99EFA86D3396918BB8"}}}}
03:35:45.409 << {"method":"Page.frameStoppedLoading","params":{"frameId":"C9FF6D7996B1EA99EFA86D3396918BB8"}}
03:35:45.414 << {"method":"Page.frameScheduledNavigation","params":{"frameId":"C9FF6D7996B1EA99EFA86D3396918BB8","delay":0,"reason":"scriptInitiated","url":"https://9257501.fls.doubleclick.net/activityi;src=9257501;type=gcmai0;cat=great00d;ord=7725206708262;gtm=2wgbu0;auiddc=1916789604.1610271343;~oref=https%3A%2F%2Fwww.greatcall.com%2Fphones%2Flively-flip-cell-phone-for-seniors?"}}
03:35:45.422 << {"method":"Page.frameRequestedNavigation","params":{"frameId":"C9FF6D7996B1EA99EFA86D3396918BB8","reason":"scriptInitiated","url":"https://9257501.fls.doubleclick.net/activityi;src=9257501;type=gcmai0;cat=great00d;ord=7725206708262;gtm=2wgbu0;auiddc=1916789604.1610271343;~oref=https%3A%2F%2Fwww.greatcall.com%2Fphones%2Flively-flip-cell-phone-for-seniors?","disposition":"currentTab"}}
03:35:45.424 << {"method":"Page.frameStartedLoading","params":{"frameId":"C9FF6D7996B1EA99EFA86D3396918BB8"}}
03:35:45.431 << {"method":"Page.frameClearedScheduledNavigation","params":{"frameId":"C9FF6D7996B1EA99EFA86D3396918BB8"}}
03:35:45.480 << {"method":"Page.frameAttached","params":{"frameId":"E9D0175CFF84485EB11B6204EB825D75","parentFrameId":"41F999F98BD87E5EF5633BA7893C07EF","stack":{"callFrames":[{"functionName":"ld","scriptId":"84","url":"https://www.googletagmanager.com/gtm.js?id=GTM-N2TD2G&l=_siteDataLayer","lineNumber":1751,"columnNumber":232},{"functionName":"Xj","scriptId":"84","url":"https://www.googletagmanager.com/gtm.js?id=GTM-N2TD2G&l=_siteDataLayer","lineNumber":1839,"columnNumber":38},{"functionName":"Yj","scriptId":"84","url":"https://www.googletagmanager.com/gtm.js?id=GTM-N2TD2G&l=_siteDataLayer","lineNumber":1839,"columnNumber":189},{"functionName":"a","scriptId":"84","url":"https://www.googletagmanager.com/gtm.js?id=GTM-N2TD2G&l=_siteDataLayer","lineNumber":1875,"columnNumber":63},{"functionName":"","scriptId":"84","url":"https://www.googletagmanager.com/gtm.js?id=GTM-N2TD2G&l=_siteDataLayer","lineNumber":1876,"columnNumber":470},{"functionName":"Ub","scriptId":"84","url":"https://www.googletagmanager.com/gtm.js?id=GTM-N2TD2G&l ...
03:35:45.482 << {"method":"Page.frameStartedLoading","params":{"frameId":"E9D0175CFF84485EB11B6204EB825D75"}}
03:35:45.493 << {"method":"Page.frameNavigated","params":{"frame":{"id":"E9D0175CFF84485EB11B6204EB825D75","parentId":"41F999F98BD87E5EF5633BA7893C07EF","loaderId":"3E7BDFC3BFCD622E160CB56D8CEC6BCC","name":"","url":"about:blank","domainAndRegistry":"","securityOrigin":"://","mimeType":"text/html","adFrameType":"none","secureContextType":"Secure","crossOriginIsolatedContextType":"NotIsolated"}}}
03:35:45.494 << {"method":"Runtime.executionContextCreated","params":{"context":{"id":11,"origin":"https://www.greatcall.com","name":"","auxData":{"isDefault":true,"type":"default","frameId":"E9D0175CFF84485EB11B6204EB825D75"}}}}
03:35:45.495 << {"method":"Page.frameStoppedLoading","params":{"frameId":"E9D0175CFF84485EB11B6204EB825D75"}}
03:35:45.496 << {"method":"Page.frameScheduledNavigation","params":{"frameId":"E9D0175CFF84485EB11B6204EB825D75","delay":0,"reason":"scriptInitiated","url":"https://9257501.fls.doubleclick.net/activityi;src=9257501;type=gcmai0;cat=great002;ord=3496870401450;gtm=2wgbu0;auiddc=1916789604.1610271343;~oref=https%3A%2F%2Fwww.greatcall.com%2Fphones%2Flively-flip-cell-phone-for-seniors?"}}
03:35:45.497 << {"method":"Page.frameRequestedNavigation","params":{"frameId":"E9D0175CFF84485EB11B6204EB825D75","reason":"scriptInitiated","url":"https://9257501.fls.doubleclick.net/activityi;src=9257501;type=gcmai0;cat=great002;ord=3496870401450;gtm=2wgbu0;auiddc=1916789604.1610271343;~oref=https%3A%2F%2Fwww.greatcall.com%2Fphones%2Flively-flip-cell-phone-for-seniors?","disposition":"currentTab"}}
03:35:45.498 << {"method":"Page.frameStartedLoading","params":{"frameId":"E9D0175CFF84485EB11B6204EB825D75"}}
03:35:45.499 << {"method":"Page.frameClearedScheduledNavigation","params":{"frameId":"E9D0175CFF84485EB11B6204EB825D75"}}
03:35:45.509 << {"method":"Page.frameAttached","params":{"frameId":"C6A8ACC21A8259083F24A104F02DBE7A","parentFrameId":"41F999F98BD87E5EF5633BA7893C07EF","stack":{"callFrames":[{"functionName":"ld","scriptId":"84","url":"https://www.googletagmanager.com/gtm.js?id=GTM-N2TD2G&l=_siteDataLayer","lineNumber":1751,"columnNumber":232},{"functionName":"Xj","scriptId":"84","url":"https://www.googletagmanager.com/gtm.js?id=GTM-N2TD2G&l=_siteDataLayer","lineNumber":1839,"columnNumber":38},{"functionName":"Yj","scriptId":"84","url":"https://www.googletagmanager.com/gtm.js?id=GTM-N2TD2G&l=_siteDataLayer","lineNumber":1839,"columnNumber":189},{"functionName":"a","scriptId":"84","url":"https://www.googletagmanager.com/gtm.js?id=GTM-N2TD2G&l=_siteDataLayer","lineNumber":1875,"columnNumber":63},{"functionName":"","scriptId":"84","url":"https://www.googletagmanager.com/gtm.js?id=GTM-N2TD2G&l=_siteDataLayer","lineNumber":1876,"columnNumber":470},{"functionName":"Ub","scriptId":"84","url":"https://www.googletagmanager.com/gtm.js?id=GTM-N2TD2G&l ...
03:35:45.512 << {"method":"Page.frameStartedLoading","params":{"frameId":"C6A8ACC21A8259083F24A104F02DBE7A"}}
03:35:45.522 << {"method":"Page.frameNavigated","params":{"frame":{"id":"C6A8ACC21A8259083F24A104F02DBE7A","parentId":"41F999F98BD87E5EF5633BA7893C07EF","loaderId":"465C68AFB5E08242F888D452278A846D","name":"","url":"about:blank","domainAndRegistry":"","securityOrigin":"://","mimeType":"text/html","adFrameType":"none","secureContextType":"Secure","crossOriginIsolatedContextType":"NotIsolated"}}}
03:35:45.523 << {"method":"Runtime.executionContextCreated","params":{"context":{"id":12,"origin":"https://www.greatcall.com","name":"","auxData":{"isDefault":true,"type":"default","frameId":"C6A8ACC21A8259083F24A104F02DBE7A"}}}}
03:35:45.524 << {"method":"Page.frameStoppedLoading","params":{"frameId":"C6A8ACC21A8259083F24A104F02DBE7A"}}
03:35:45.524 << {"method":"Page.frameScheduledNavigation","params":{"frameId":"C6A8ACC21A8259083F24A104F02DBE7A","delay":0,"reason":"scriptInitiated","url":"https://9257501.fls.doubleclick.net/activityi;src=9257501;type=gcmai0;cat=great00f;ord=1;num=6958143221392;gtm=2wgbu0;auiddc=1916789604.1610271343;~oref=https%3A%2F%2Fwww.greatcall.com%2Fphones%2Flively-flip-cell-phone-for-seniors?"}}
03:35:45.525 << {"method":"Page.frameRequestedNavigation","params":{"frameId":"C6A8ACC21A8259083F24A104F02DBE7A","reason":"scriptInitiated","url":"https://9257501.fls.doubleclick.net/activityi;src=9257501;type=gcmai0;cat=great00f;ord=1;num=6958143221392;gtm=2wgbu0;auiddc=1916789604.1610271343;~oref=https%3A%2F%2Fwww.greatcall.com%2Fphones%2Flively-flip-cell-phone-for-seniors?","disposition":"currentTab"}}
03:35:45.525 << {"method":"Page.frameStartedLoading","params":{"frameId":"C6A8ACC21A8259083F24A104F02DBE7A"}}
03:35:45.529 << {"method":"Page.frameClearedScheduledNavigation","params":{"frameId":"C6A8ACC21A8259083F24A104F02DBE7A"}}
03:35:45.534 << {"method":"Page.frameAttached","params":{"frameId":"1E9B50A812F1F500DB1CDF851696902B","parentFrameId":"41F999F98BD87E5EF5633BA7893C07EF","stack":{"callFrames":[{"functionName":"ld","scriptId":"84","url":"https://www.googletagmanager.com/gtm.js?id=GTM-N2TD2G&l=_siteDataLayer","lineNumber":1751,"columnNumber":232},{"functionName":"Xj","scriptId":"84","url":"https://www.googletagmanager.com/gtm.js?id=GTM-N2TD2G&l=_siteDataLayer","lineNumber":1839,"columnNumber":38},{"functionName":"Yj","scriptId":"84","url":"https://www.googletagmanager.com/gtm.js?id=GTM-N2TD2G&l=_siteDataLayer","lineNumber":1839,"columnNumber":189},{"functionName":"a","scriptId":"84","url":"https://www.googletagmanager.com/gtm.js?id=GTM-N2TD2G&l=_siteDataLayer","lineNumber":1875,"columnNumber":63},{"functionName":"","scriptId":"84","url":"https://www.googletagmanager.com/gtm.js?id=GTM-N2TD2G&l=_siteDataLayer","lineNumber":1876,"columnNumber":470},{"functionName":"Ub","scriptId":"84","url":"https://www.googletagmanager.com/gtm.js?id=GTM-N2TD2G&l ...
03:35:45.607 << {"method":"Page.frameStartedLoading","params":{"frameId":"1E9B50A812F1F500DB1CDF851696902B"}}
03:35:45.623 << {"method":"Page.frameNavigated","params":{"frame":{"id":"1E9B50A812F1F500DB1CDF851696902B","parentId":"41F999F98BD87E5EF5633BA7893C07EF","loaderId":"48C42B10CCD10380E1EB881941A17637","name":"","url":"about:blank","domainAndRegistry":"","securityOrigin":"://","mimeType":"text/html","adFrameType":"none","secureContextType":"Secure","crossOriginIsolatedContextType":"NotIsolated"}}}
03:35:45.624 << {"method":"Runtime.executionContextCreated","params":{"context":{"id":13,"origin":"https://www.greatcall.com","name":"","auxData":{"isDefault":true,"type":"default","frameId":"1E9B50A812F1F500DB1CDF851696902B"}}}}
03:35:45.625 << {"method":"Page.frameStoppedLoading","params":{"frameId":"1E9B50A812F1F500DB1CDF851696902B"}}
03:35:45.627 << {"method":"Page.frameScheduledNavigation","params":{"frameId":"1E9B50A812F1F500DB1CDF851696902B","delay":0,"reason":"scriptInitiated","url":"https://4782500.fls.doubleclick.net/activityi;src=4782500;type=count0;cat=flipp0;ord=3300570174558;gtm=2wgbu0;auiddc=1916789604.1610271343;~oref=https%3A%2F%2Fwww.greatcall.com%2Fphones%2Flively-flip-cell-phone-for-seniors?"}}
03:35:45.628 << {"method":"Page.frameRequestedNavigation","params":{"frameId":"1E9B50A812F1F500DB1CDF851696902B","reason":"scriptInitiated","url":"https://4782500.fls.doubleclick.net/activityi;src=4782500;type=count0;cat=flipp0;ord=3300570174558;gtm=2wgbu0;auiddc=1916789604.1610271343;~oref=https%3A%2F%2Fwww.greatcall.com%2Fphones%2Flively-flip-cell-phone-for-seniors?","disposition":"currentTab"}}
03:35:45.629 << {"method":"Page.frameStartedLoading","params":{"frameId":"1E9B50A812F1F500DB1CDF851696902B"}}
03:35:45.632 << {"method":"Page.frameClearedScheduledNavigation","params":{"frameId":"1E9B50A812F1F500DB1CDF851696902B"}}
03:35:45.772 << {"method":"Target.attachedToTarget","params":{"sessionId":"EB66F057493AD64338244510C8D20B01","targetInfo":{"targetId":"C9FF6D7996B1EA99EFA86D3396918BB8","type":"iframe","title":"","url":"","attached":true,"canAccessOpener":false,"browserContextId":"02D04A5DF458AB189A573DA2E721FBE3"},"waitingForDebugger":false}}
03:35:45.790 >> {"method":"Target.closeTarget","params":{"targetId":"41F999F98BD87E5EF5633BA7893C07EF"},"id":9}
03:35:45.792 << {"id":9,"result":{"success":true}}
03:35:45.969 karate.env system property was:  
03:35:45.975 type was null, defaulting to 'chrome'
03:35:45.976 preferred port 9222 not available, will use: 14442
03:35:51.885 waitUntil (js) - retry #1
03:35:55.615 waitForUrl - retry #1
03:35:58.793 karate.env system property was:  
03:35:58.808 request:
1 > GET https://www.greatcall.com/stores/Api/Products
1 > Accept-Encoding: gzip,deflate
1 > Connection: Keep-Alive
1 > Host: www.greatcall.com
1 > User-Agent: Apache-HttpClient/4.5.12 (Java/1.8.0_172)

03:35:59.702 response time in milliseconds: 891.00
1 < 200
1 < Access-Control-Allow-Headers: Accept, Authorization, Content-Type
1 < Access-Control-Allow-Methods: GET
1 < Access-Control-Allow-Origin: *
1 < Cache-Control: no-cache
1 < Connection: keep-alive
1 < Content-Length: 1994
1 < Content-Security-Policy: frame-ancestors https://*.greatcall.com
1 < Content-Type: application/json; charset=utf-8
1 < Date: Sun, 10 Jan 2021 09:36:00 GMT
1 < Expires: -1
1 < Pragma: no-cache
1 < Server: Microsoft-IIS/10.0
1 < Set-Cookie: [visid_incap_652230=G9Z97JI7R2mGY58RYvcU4H/K+l8AAAAAQUIPAAAAAACzGSxYoSWC+JR/jbw3SJSU; expires=Sun, 09 Jan 2022 09:47:54 GMT; HttpOnly; path=/; Domain=.greatcall.com, nlbi_652230=SYMnHWlt+QZny7rfiVtO2wAAAADkqPKLCIzsVcPNDhNq2eRO; path=/; Domain=.greatcall.com, incap_ses_1181_652230=pSuMWpB8VhHLb+22esFjEH/K+l8AAAAAJJ+cGI11Kq1cdPM8dusH7g==; path=/; Domain=.greatcall.com, ___utmvmfFBuVfps=kPwZThDfsAa; path=/; Max-Age=900, ___utmvafFBuVfps=KPVemvK; path=/; Max-Age=900, ___utmvbfFBuVfps=CZx XqUOealH: utv; path=/; Max-Age=900]
1 < Strict-Transport-Security: max-age=31536000
1 < X-AspNet-Version: 4.0.30319
1 < X-CDN: Incapsula
1 < X-Content-Type-Options: nosniff
1 < X-Iinfo: 12-57462223-57459032 PNNN RT(1610271358590 784) q(0 0 0 0) r(1 1) U2
1 < X-XSS-Protection: 1; mode=block
[{"Aliases":["LivelyFlipGraphite","LivelyFlipRed"],"Disabled":false,"Id":10,"IdBitwise":1024,"LaunchDate":"2020-09-08T22:00:00","Name":"Lively Flip","RetireDate":null,"ShortName":"JB7"},{"Aliases":["JitterbugFlipGraphite","JitterbugFlipRed"],"Disabled":false,"Id":3,"IdBitwise":8,"LaunchDate":"2016-04-05T22:00:00","Name":"Jitterbug Flip","RetireDate":"2020-09-15T22:00:00","ShortName":"JB6"},{"Aliases":["JitterbugBlue5","JitterbugRed5"],"Disabled":false,"Id":0,"IdBitwise":1,"LaunchDate":null,"Name":"Jitterbug 5","RetireDate":"2016-04-05T22:00:00","ShortName":"JB5"},{"Aliases":["5Star3Gold","5Star3Silver"],"Disabled":false,"Id":5,"IdBitwise":32,"LaunchDate":"2016-04-05T22:00:00","Name":"Lively Mobile","RetireDate":"2019-04-14T22:00:00","ShortName":"R3"},{"Aliases":["LivelyWearableGold","LivelyWearableSilver"],"Disabled":true,"Id":6,"IdBitwise":64,"LaunchDate":"2016-04-05T22:00:00","Name":"Lively Wearable","RetireDate":null,"ShortName":"LW"},{"Aliases":["JitterbugTouch4"],"Disabled":false,"Id":4,"IdBitwise":16,"LaunchDate":"2016-04-05T22:00:00","Name":"Jitterbug Smart","RetireDate":"2018-08-29T22:00:00","ShortName":"T4"},{"Aliases":["5StarSplashBlue","5StarSplashSilver"],"Disabled":false,"Id":2,"IdBitwise":4,"LaunchDate":null,"Name":"Splash","RetireDate":"2016-04-05T22:00:00","ShortName":"R2"},{"Aliases":["JitterbugTouch3"],"Disabled":false,"Id":1,"IdBitwise":2,"LaunchDate":null,"Name":"Jitterbug Touch","RetireDate":"2016-04-05T22:00:00","ShortName":"T3"},{"Aliases":["JitterbugTouch5"],"Disabled":false,"Id":7,"IdBitwise":128,"LaunchDate":"2018-08-29T22:00:00","Name":"Jitterbug Smart2","RetireDate":null,"ShortName":"T5"},{"Aliases":["5Star4Black","5Star4Silver"],"Disabled":false,"Id":8,"IdBitwise":256,"LaunchDate":"2020-02-12T22:00:00","Name":"Lively Mobile Plus","RetireDate":null,"ShortName":"R4"},{"Aliases":["LivelyWearable2"],"Disabled":false,"Id":9,"IdBitwise":512,"LaunchDate":"2020-02-12T22:00:00","Name":"Lively Wearable2","RetireDate":null,"ShortName":"LW2"}]

03:35:59.716 assertion failed: assert evaluated to false: responseTime < 200
